<?xml version='1.0' encoding='UTF-8'?>
<testsuite hostname="DESKTOP-IGH1V0U" name="retcalc.RetCalcSpec" tests="1" errors="0" failures="0" skipped="0" time="0.043" timestamp="2020-07-12T13:39:15">
                     <properties>
      <property name="jline.esc.timeout" value="0"/><property name="java.runtime.name" value="OpenJDK Runtime Environment"/><property name="sun.boot.library.path" value="C:\Users\Hella\.jdks\adopt-openjdk-1.8.0_252\jre\bin"/><property name="java.vm.version" value="25.252-b09"/><property name="java.vm.vendor" value="AdoptOpenJDK"/><property name="java.vendor.url" value="http://java.oracle.com/"/><property name="path.separator" value=";"/><property name="jna.loaded" value="true"/><property name="java.vm.name" value="OpenJDK 64-Bit Server VM"/><property name="file.encoding.pkg" value="sun.io"/><property name="user.country" value="US"/><property name="user.script" value=""/><property name="sun.java.launcher" value="SUN_STANDARD"/><property name="sun.os.patch.level" value=""/><property name="jna.nosys" value="true"/><property name="java.vm.specification.name" value="Java Virtual Machine Specification"/><property name="user.dir" value="D:\Programs\projects\retirement_calculator"/><property name="java.runtime.version" value="1.8.0_252-b09"/><property name="java.awt.graphicsenv" value="sun.awt.Win32GraphicsEnvironment"/><property name="idea.managed" value="true"/><property name="java.endorsed.dirs" value="C:\Users\Hella\.jdks\adopt-openjdk-1.8.0_252\jre\lib\endorsed"/><property name="os.arch" value="amd64"/><property name="java.io.tmpdir" value="C:\Users\Hella\AppData\Local\Temp\"/><property name="line.separator" value="
"/><property name="java.vm.specification.vendor" value="Oracle Corporation"/><property name="log4j.ignoreTCL" value="true"/><property name="user.variant" value=""/><property name="os.name" value="Windows 10"/><property name="sbt.log.noformat" value="true"/><property name="sun.jnu.encoding" value="Cp1252"/><property name="jnidispatch.path" value="C:\Users\Hella\AppData\Local\Temp\jna-69609636\jna8230293528770164400.dll"/><property name="java.library.path" value="C:\Users\Hella\.jdks\adopt-openjdk-1.8.0_252\bin;C:\WINDOWS\Sun\Java\bin;C:\WINDOWS\system32;C:\WINDOWS;C:\Program Files\Microsoft MPI\Bin\;C:\Program Files\NVIDIA GPU Computing Toolkit\CUDA\v10.1\bin;C:\Program Files\NVIDIA GPU Computing Toolkit\CUDA\v10.1\libnvvp;C:\Program Files (x86)\Common Files\Intel\Shared Libraries\redist\intel64\mpirt;C:\Program Files (x86)\Common Files\Intel\Shared Libraries\redist\intel64\compiler;C:\Program Files (x86)\Common Files\Oracle\Java\javapath;C:\ProgramData\Oracle\Java\javapath;C:\Program Files (x86)\Intel\iCLS Client\;C:\Program Files\Intel\iCLS Client\;C:\Windows\system32;C:\Windows;C:\Windows\System32\Wbem;C:\Windows\System32\WindowsPowerShell\v1.0\;C:\Program Files (x86)\NVIDIA Corporation\PhysX\Common;C:\Program Files (x86)\Intel\Intel(R) Management Engine Components\DAL;C:\Program Files\Intel\Intel(R) Management Engine Components\DAL;C:\Program Files (x86)\Intel\Intel(R) Management Engine Components\IPT;C:\Program Files\Intel\Intel(R) Management Engine Components\IPT;C:\WINDOWS\system32;C:\WINDOWS;C:\WINDOWS\System32\Wbem;C:\WINDOWS\System32\WindowsPowerShell\v1.0\;C:\Program Files\Git\cmd;C:\Program Files\PostgreSQL\10\bin;;C:\WINDOWS\System32\OpenSSH\;C:\Program Files\Intel\WiFi\bin\;C:\Program Files\Common Files\Intel\WirelessCommon\;C:\Program Files\NVIDIA Corporation\NVIDIA NvDLISR;C:\Program Files\nodejs\;C:\Program Files\NVIDIA Corporation\Nsight Compute 2019.1\;C:\WINDOWS\system32;C:\WINDOWS;C:\WINDOWS\System32\Wbem;C:\WINDOWS\System32\WindowsPowerShell\v1.0\;C:\WINDOWS\System32\OpenSSH\;C:\HashiCorp\Vagrant\bin;C:\Users\Hella\AppData\Local\Programs\Python\Python36\Scripts\;C:\Users\Hella\AppData\Local\Programs\Python\Python36\;C:\Users\Hella\AppData\Roaming\Dashlane\5.3.1.13504\bin\Firefox_Extension\{442718d9-475e-452a-b3e1-fb1ee16b8e9f}\components;C:\Users\Hella\AppData\Roaming\Dashlane\5.3.1.13504\ucrt;C:\Users\Hella\AppData\Local\Microsoft\WindowsApps;C:\Program Files\Heroku\bin;C:\Windows\System32;C:\Users\Hella\AppData\Roaming\npm;C:\Users\Hella\Desktop\cuda\bin;C:\Users\Hella\Desktop\cuda\include;C:\Users\Hella\Desktop\cuda\lib;C:\Users\Hella\AppData\Roaming\Dashlane\6.1905.1.17471\bin\Firefox_Extension\{442718d9-475e-452a-b3e1-fb1ee16b8e9f}\components;C:\Users\Hella\AppData\Roaming\Dashlane\6.1905.1.17471\ucrt;C:\Users\Hella\AppData\Roaming\Dashlane\6.1905.1.17471\bin\Qt;C:\Users\Hella\AppData\Roaming\Dashlane\6.1905.1.17471\bin\Ssl;C:\Users\Hella\AppData\Local\Microsoft\WindowsApps;D:\Programs\Apps\Microsoft VS Code\bin;D:\Programs\Apps\Docker Toolbox;C:\Spark\bin;C:\Program Files\Java\jre1.8.0_251\bin;;."/><property name="java.specification.name" value="Java Platform API Specification"/><property name="java.class.version" value="52.0"/><property name="sun.management.compiler" value="HotSpot 64-Bit Tiered Compilers"/><property name="os.version" value="10.0"/><property name="swoval.tmpdir" value="C:\Users\Hella\.sbt\1.0"/><property name="user.home" value="C:\Users\Hella"/><property name="user.timezone" value="Europe/London"/><property name="java.awt.printerjob" value="sun.awt.windows.WPrinterJob"/><property name="file.encoding" value="UTF-8"/><property name="java.specification.version" value="1.8"/><property name="java.class.path" value="C:\Users\Hella\AppData\Roaming\JetBrains\IdeaIC2020.1\plugins\Scala\launcher\sbt-launch.jar"/><property name="user.name" value="Hella"/><property name="jline.shutdownhook" value="false"/><property name="java.vm.specification.version" value="1.8"/><property name="sun.java.command" value="C:\Users\Hella\AppData\Roaming\JetBrains\IdeaIC2020.1\plugins\Scala\launcher\sbt-launch.jar early(addPluginSbtFile=&quot;&quot;&quot;C:\Users\Hella\AppData\Local\Temp\idea1.sbt&quot;&quot;&quot;) ; set ideaPort in Global := 61191 ; idea-shell"/><property name="java.home" value="C:\Users\Hella\.jdks\adopt-openjdk-1.8.0_252\jre"/><property name="sun.arch.data.model" value="64"/><property name="user.language" value="en"/><property name="java.specification.vendor" value="Oracle Corporation"/><property name="awt.toolkit" value="sun.awt.windows.WToolkit"/><property name="java.vm.info" value="mixed mode"/><property name="java.version" value="1.8.0_252"/><property name="java.ext.dirs" value="C:\Users\Hella\.jdks\adopt-openjdk-1.8.0_252\jre\lib\ext;C:\WINDOWS\Sun\Java\lib\ext"/><property name="sun.boot.class.path" value="C:\Users\Hella\.jdks\adopt-openjdk-1.8.0_252\jre\lib\resources.jar;C:\Users\Hella\.jdks\adopt-openjdk-1.8.0_252\jre\lib\rt.jar;C:\Users\Hella\.jdks\adopt-openjdk-1.8.0_252\jre\lib\sunrsasign.jar;C:\Users\Hella\.jdks\adopt-openjdk-1.8.0_252\jre\lib\jsse.jar;C:\Users\Hella\.jdks\adopt-openjdk-1.8.0_252\jre\lib\jce.jar;C:\Users\Hella\.jdks\adopt-openjdk-1.8.0_252\jre\lib\charsets.jar;C:\Users\Hella\.jdks\adopt-openjdk-1.8.0_252\jre\lib\jfr.jar;C:\Users\Hella\.jdks\adopt-openjdk-1.8.0_252\jre\classes"/><property name="java.vendor" value="AdoptOpenJDK"/><property name="sun.stderr.encoding" value="cp437"/><property name="file.separator" value="\"/><property name="java.vendor.url.bug" value="http://bugreport.sun.com/bugreport/"/><property name="sbt.supershell" value="false"/><property name="sun.io.unicode.encoding" value="UnicodeLittle"/><property name="sun.cpu.endian" value="little"/><property name="sun.stdout.encoding" value="cp437"/><property name="sun.desktop" value="windows"/><property name="sun.cpu.isalist" value="amd64"/>
    </properties>
                     <testcase classname="retcalc.RetCalcSpec" name="RetCalc.futureCapital should calculate the amount of savings I will have in n months" time="0.043">
                                                 
                                               </testcase>
                     <system-out><![CDATA[]]></system-out>
                     <system-err><![CDATA[]]></system-err>
                   </testsuite>